<?xml version="1.0" encoding="UTF-8"?>
<robot generator="Robot 5.0 (Python 3.10.4 on darwin)" generated="20220510 22:31:22.175" rpa="false" schemaversion="3">
<suite id="s1" name="Test" source="/Users/prpapakorn/Documents/GitHub/Test/Testcase/Test.robot">
<test id="s1-t1" name="TC01-Verify that add button should working correctly" line="9">
<kw name="Open Browser" library="SeleniumLibrary" type="SETUP">
<arg>https://abhigyank.github.io/To-Do-List/</arg>
<arg>chrome</arg>
<doc>Opens a new browser instance to the optional ``url``.</doc>
<msg timestamp="20220510 22:31:22.289" level="INFO">Opening browser 'chrome' to base url 'https://abhigyank.github.io/To-Do-List/'.</msg>
<status status="PASS" starttime="20220510 22:31:22.289" endtime="20220510 22:31:31.701"/>
</kw>
<kw name="Wait Until Element Is Visible" library="SeleniumLibrary">
<arg>xpath=//div[@class="container"]</arg>
<doc>Waits until the element ``locator`` is visible.</doc>
<status status="PASS" starttime="20220510 22:31:31.702" endtime="20220510 22:31:31.860"/>
</kw>
<kw name="Input Text" library="SeleniumLibrary">
<arg>xpath=//input[@id="new-task"]</arg>
<arg>Test</arg>
<doc>Types the given ``text`` into the text field identified by ``locator``.</doc>
<msg timestamp="20220510 22:31:31.861" level="INFO">Typing text 'Test' into text field 'xpath=//input[@id="new-task"]'.</msg>
<status status="PASS" starttime="20220510 22:31:31.861" endtime="20220510 22:31:32.183"/>
</kw>
<kw name="Click Element" library="SeleniumLibrary">
<arg>xpath=//i[@class="material-icons"]</arg>
<doc>Click the element identified by ``locator``.</doc>
<msg timestamp="20220510 22:31:32.183" level="INFO">Clicking element 'xpath=//i[@class="material-icons"]'.</msg>
<status status="PASS" starttime="20220510 22:31:32.183" endtime="20220510 22:31:32.262"/>
</kw>
<kw name="Click Element" library="SeleniumLibrary">
<arg>xpath=//a[@href="#todo"]</arg>
<doc>Click the element identified by ``locator``.</doc>
<msg timestamp="20220510 22:31:32.262" level="INFO">Clicking element 'xpath=//a[@href="#todo"]'.</msg>
<status status="PASS" starttime="20220510 22:31:32.262" endtime="20220510 22:31:32.445"/>
</kw>
<kw name="Wait Until Element Is Visible" library="SeleniumLibrary">
<arg>xpath=//span[contains(text(), "Test") and @id="text-1"]</arg>
<doc>Waits until the element ``locator`` is visible.</doc>
<status status="PASS" starttime="20220510 22:31:32.445" endtime="20220510 22:31:32.492"/>
</kw>
<kw name="Close Browser" library="SeleniumLibrary" type="TEARDOWN">
<doc>Closes the current browser.</doc>
<status status="PASS" starttime="20220510 22:31:32.492" endtime="20220510 22:31:33.568"/>
</kw>
<status status="PASS" starttime="20220510 22:31:22.289" endtime="20220510 22:31:33.568"/>
</test>
<test id="s1-t2" name="TC02-Verify that delete button should working correctly" line="16">
<kw name="Open Browser" library="SeleniumLibrary" type="SETUP">
<arg>https://abhigyank.github.io/To-Do-List/</arg>
<arg>chrome</arg>
<doc>Opens a new browser instance to the optional ``url``.</doc>
<msg timestamp="20220510 22:31:33.572" level="INFO">Opening browser 'chrome' to base url 'https://abhigyank.github.io/To-Do-List/'.</msg>
<status status="PASS" starttime="20220510 22:31:33.570" endtime="20220510 22:31:39.779"/>
</kw>
<kw name="Wait Until Element Is Visible" library="SeleniumLibrary">
<arg>xpath=//div[@class="container"]</arg>
<doc>Waits until the element ``locator`` is visible.</doc>
<status status="PASS" starttime="20220510 22:31:39.780" endtime="20220510 22:31:39.942"/>
</kw>
<kw name="Input Text" library="SeleniumLibrary">
<arg>xpath=//input[@id="new-task"]</arg>
<arg>Test</arg>
<doc>Types the given ``text`` into the text field identified by ``locator``.</doc>
<msg timestamp="20220510 22:31:39.942" level="INFO">Typing text 'Test' into text field 'xpath=//input[@id="new-task"]'.</msg>
<status status="PASS" starttime="20220510 22:31:39.942" endtime="20220510 22:31:40.227"/>
</kw>
<kw name="Click Element" library="SeleniumLibrary">
<arg>xpath=//i[@class="material-icons"]</arg>
<doc>Click the element identified by ``locator``.</doc>
<msg timestamp="20220510 22:31:40.227" level="INFO">Clicking element 'xpath=//i[@class="material-icons"]'.</msg>
<status status="PASS" starttime="20220510 22:31:40.227" endtime="20220510 22:31:40.312"/>
</kw>
<kw name="Click Element" library="SeleniumLibrary">
<arg>xpath=//a[@href="#todo"]</arg>
<doc>Click the element identified by ``locator``.</doc>
<msg timestamp="20220510 22:31:40.313" level="INFO">Clicking element 'xpath=//a[@href="#todo"]'.</msg>
<status status="PASS" starttime="20220510 22:31:40.312" endtime="20220510 22:31:40.491"/>
</kw>
<kw name="Element Should Be Visible" library="SeleniumLibrary">
<arg>xpath=//span[contains(text(), "Test") and @id="text-1"]</arg>
<doc>Verifies that the element identified by ``locator`` is visible.</doc>
<msg timestamp="20220510 22:31:40.541" level="INFO">Element 'xpath=//span[contains(text(), "Test") and @id="text-1"]' is displayed.</msg>
<status status="PASS" starttime="20220510 22:31:40.491" endtime="20220510 22:31:40.541"/>
</kw>
<kw name="Click Element" library="SeleniumLibrary">
<arg>xpath=//div[@id="todo"]//button[@class="mdl-button mdl-js-button mdl-js-ripple-effect delete"]</arg>
<doc>Click the element identified by ``locator``.</doc>
<msg timestamp="20220510 22:31:40.542" level="INFO">Clicking element 'xpath=//div[@id="todo"]//button[@class="mdl-button mdl-js-button mdl-js-ripple-effect delete"]'.</msg>
<status status="PASS" starttime="20220510 22:31:40.542" endtime="20220510 22:31:40.610"/>
</kw>
<kw name="Element Should Not Be Visible" library="SeleniumLibrary">
<arg>xpath=//span[contains(text(), "Test") and @class="mdl-checkbox__label"]</arg>
<doc>Verifies that the element identified by ``locator`` is NOT visible.</doc>
<msg timestamp="20220510 22:31:40.617" level="INFO">Element 'xpath=//span[contains(text(), "Test") and @class="mdl-checkbox__label"]' did not exist.</msg>
<status status="PASS" starttime="20220510 22:31:40.610" endtime="20220510 22:31:40.617"/>
</kw>
<kw name="Close Browser" library="SeleniumLibrary" type="TEARDOWN">
<doc>Closes the current browser.</doc>
<status status="PASS" starttime="20220510 22:31:40.617" endtime="20220510 22:31:40.679"/>
</kw>
<status status="PASS" starttime="20220510 22:31:33.569" endtime="20220510 22:31:40.679"/>
</test>
<test id="s1-t3" name="TC03-Verify that check box can be able to click" line="25">
<kw name="Open Browser" library="SeleniumLibrary" type="SETUP">
<arg>https://abhigyank.github.io/To-Do-List/</arg>
<arg>chrome</arg>
<doc>Opens a new browser instance to the optional ``url``.</doc>
<msg timestamp="20220510 22:31:40.681" level="INFO">Opening browser 'chrome' to base url 'https://abhigyank.github.io/To-Do-List/'.</msg>
<status status="PASS" starttime="20220510 22:31:40.680" endtime="20220510 22:31:45.829"/>
</kw>
<kw name="Wait Until Element Is Visible" library="SeleniumLibrary">
<arg>xpath=//div[@class="container"]</arg>
<doc>Waits until the element ``locator`` is visible.</doc>
<status status="PASS" starttime="20220510 22:31:45.829" endtime="20220510 22:31:45.971"/>
</kw>
<kw name="Input Text" library="SeleniumLibrary">
<arg>xpath=//input[@id="new-task"]</arg>
<arg>Test</arg>
<doc>Types the given ``text`` into the text field identified by ``locator``.</doc>
<msg timestamp="20220510 22:31:45.971" level="INFO">Typing text 'Test' into text field 'xpath=//input[@id="new-task"]'.</msg>
<status status="PASS" starttime="20220510 22:31:45.971" endtime="20220510 22:31:46.231"/>
</kw>
<kw name="Click Element" library="SeleniumLibrary">
<arg>xpath=//i[@class="material-icons"]</arg>
<doc>Click the element identified by ``locator``.</doc>
<msg timestamp="20220510 22:31:46.231" level="INFO">Clicking element 'xpath=//i[@class="material-icons"]'.</msg>
<status status="PASS" starttime="20220510 22:31:46.231" endtime="20220510 22:31:46.299"/>
</kw>
<kw name="Click Element" library="SeleniumLibrary">
<arg>xpath=//a[@href="#todo"]</arg>
<doc>Click the element identified by ``locator``.</doc>
<msg timestamp="20220510 22:31:46.300" level="INFO">Clicking element 'xpath=//a[@href="#todo"]'.</msg>
<status status="PASS" starttime="20220510 22:31:46.300" endtime="20220510 22:31:46.450"/>
</kw>
<kw name="Wait Until Element Is Visible" library="SeleniumLibrary">
<arg>xpath=//span[contains(text(), "Test") and @id="text-1"]</arg>
<doc>Waits until the element ``locator`` is visible.</doc>
<status status="PASS" starttime="20220510 22:31:46.450" endtime="20220510 22:31:46.480"/>
</kw>
<kw name="Click Element" library="SeleniumLibrary">
<arg>xpath=//span[@class='mdl-checkbox__label']</arg>
<doc>Click the element identified by ``locator``.</doc>
<msg timestamp="20220510 22:31:46.480" level="INFO">Clicking element 'xpath=//span[@class='mdl-checkbox__label']'.</msg>
<status status="PASS" starttime="20220510 22:31:46.480" endtime="20220510 22:31:46.564"/>
</kw>
<kw name="Element Should Not Be Visible" library="SeleniumLibrary">
<arg>xpath=//span[contains(text(), "Test") and @class="mdl-checkbox__label"]</arg>
<doc>Verifies that the element identified by ``locator`` is NOT visible.</doc>
<msg timestamp="20220510 22:31:46.572" level="INFO">Element 'xpath=//span[contains(text(), "Test") and @class="mdl-checkbox__label"]' did not exist.</msg>
<status status="PASS" starttime="20220510 22:31:46.564" endtime="20220510 22:31:46.572"/>
</kw>
<kw name="Click Element" library="SeleniumLibrary">
<arg>xpath=//a[@href='#completed']</arg>
<doc>Click the element identified by ``locator``.</doc>
<msg timestamp="20220510 22:31:46.572" level="INFO">Clicking element 'xpath=//a[@href='#completed']'.</msg>
<status status="PASS" starttime="20220510 22:31:46.572" endtime="20220510 22:31:46.603"/>
</kw>
<kw name="Element Should Be Visible" library="SeleniumLibrary">
<arg>xpath=//span[contains(text(), "Test") and @class="mdl-list__item-primary-content"]</arg>
<doc>Verifies that the element identified by ``locator`` is visible.</doc>
<msg timestamp="20220510 22:31:46.624" level="INFO">Element 'xpath=//span[contains(text(), "Test") and @class="mdl-list__item-primary-content"]' is displayed.</msg>
<status status="PASS" starttime="20220510 22:31:46.603" endtime="20220510 22:31:46.624"/>
</kw>
<kw name="Close Browser" library="SeleniumLibrary" type="TEARDOWN">
<doc>Closes the current browser.</doc>
<status status="PASS" starttime="20220510 22:31:46.624" endtime="20220510 22:31:46.686"/>
</kw>
<status status="PASS" starttime="20220510 22:31:40.680" endtime="20220510 22:31:46.687"/>
</test>
<test id="s1-t4" name="TC04-Verify that user can remove task in the completed task" line="36">
<kw name="Open Browser" library="SeleniumLibrary" type="SETUP">
<arg>https://abhigyank.github.io/To-Do-List/</arg>
<arg>chrome</arg>
<doc>Opens a new browser instance to the optional ``url``.</doc>
<msg timestamp="20220510 22:31:46.688" level="INFO">Opening browser 'chrome' to base url 'https://abhigyank.github.io/To-Do-List/'.</msg>
<status status="PASS" starttime="20220510 22:31:46.688" endtime="20220510 22:31:50.336"/>
</kw>
<kw name="Wait Until Element Is Visible" library="SeleniumLibrary">
<arg>xpath=//div[@class="container"]</arg>
<doc>Waits until the element ``locator`` is visible.</doc>
<status status="PASS" starttime="20220510 22:31:50.337" endtime="20220510 22:31:50.501"/>
</kw>
<kw name="Input Text" library="SeleniumLibrary">
<arg>xpath=//input[@id="new-task"]</arg>
<arg>Test</arg>
<doc>Types the given ``text`` into the text field identified by ``locator``.</doc>
<msg timestamp="20220510 22:31:50.502" level="INFO">Typing text 'Test' into text field 'xpath=//input[@id="new-task"]'.</msg>
<status status="PASS" starttime="20220510 22:31:50.502" endtime="20220510 22:31:50.747"/>
</kw>
<kw name="Click Element" library="SeleniumLibrary">
<arg>xpath=//i[@class="material-icons"]</arg>
<doc>Click the element identified by ``locator``.</doc>
<msg timestamp="20220510 22:31:50.748" level="INFO">Clicking element 'xpath=//i[@class="material-icons"]'.</msg>
<status status="PASS" starttime="20220510 22:31:50.747" endtime="20220510 22:31:50.818"/>
</kw>
<kw name="Click Element" library="SeleniumLibrary">
<arg>xpath=//a[@href="#todo"]</arg>
<doc>Click the element identified by ``locator``.</doc>
<msg timestamp="20220510 22:31:50.818" level="INFO">Clicking element 'xpath=//a[@href="#todo"]'.</msg>
<status status="PASS" starttime="20220510 22:31:50.818" endtime="20220510 22:31:50.975"/>
</kw>
<kw name="Wait Until Element Is Visible" library="SeleniumLibrary">
<arg>xpath=//span[contains(text(), "Test") and @id="text-1"]</arg>
<doc>Waits until the element ``locator`` is visible.</doc>
<status status="PASS" starttime="20220510 22:31:50.975" endtime="20220510 22:31:51.015"/>
</kw>
<kw name="Click Element" library="SeleniumLibrary">
<arg>xpath=//span[@class='mdl-checkbox__label']</arg>
<doc>Click the element identified by ``locator``.</doc>
<msg timestamp="20220510 22:31:51.015" level="INFO">Clicking element 'xpath=//span[@class='mdl-checkbox__label']'.</msg>
<status status="PASS" starttime="20220510 22:31:51.015" endtime="20220510 22:31:51.095"/>
</kw>
<kw name="Element Should Not Be Visible" library="SeleniumLibrary">
<arg>xpath=//span[contains(text(), "Test") and @id="text-1"]</arg>
<doc>Verifies that the element identified by ``locator`` is NOT visible.</doc>
<msg timestamp="20220510 22:31:51.099" level="INFO">Element 'xpath=//span[contains(text(), "Test") and @id="text-1"]' did not exist.</msg>
<status status="PASS" starttime="20220510 22:31:51.095" endtime="20220510 22:31:51.099"/>
</kw>
<kw name="Click Element" library="SeleniumLibrary">
<arg>xpath=//a[@href='#completed']</arg>
<doc>Click the element identified by ``locator``.</doc>
<msg timestamp="20220510 22:31:51.099" level="INFO">Clicking element 'xpath=//a[@href='#completed']'.</msg>
<status status="PASS" starttime="20220510 22:31:51.099" endtime="20220510 22:31:51.130"/>
</kw>
<kw name="Element Should Be Visible" library="SeleniumLibrary">
<arg>xpath=//span[contains(text(), "Test") and @class="mdl-list__item-primary-content"]</arg>
<doc>Verifies that the element identified by ``locator`` is visible.</doc>
<msg timestamp="20220510 22:31:51.152" level="INFO">Element 'xpath=//span[contains(text(), "Test") and @class="mdl-list__item-primary-content"]' is displayed.</msg>
<status status="PASS" starttime="20220510 22:31:51.130" endtime="20220510 22:31:51.152"/>
</kw>
<kw name="Click Element" library="SeleniumLibrary">
<arg>xpath=//div[@id="completed"]//button[contains(text(), "Delete") and @id="1"]</arg>
<doc>Click the element identified by ``locator``.</doc>
<msg timestamp="20220510 22:31:51.152" level="INFO">Clicking element 'xpath=//div[@id="completed"]//button[contains(text(), "Delete") and @id="1"]'.</msg>
<status status="PASS" starttime="20220510 22:31:51.152" endtime="20220510 22:31:51.179"/>
</kw>
<kw name="Element Should Not Be Visible" library="SeleniumLibrary">
<arg>xpath=//span[contains(text(), "Test") and @class="mdl-list__item-primary-content"]</arg>
<doc>Verifies that the element identified by ``locator`` is NOT visible.</doc>
<msg timestamp="20220510 22:31:51.183" level="INFO">Element 'xpath=//span[contains(text(), "Test") and @class="mdl-list__item-primary-content"]' did not exist.</msg>
<status status="PASS" starttime="20220510 22:31:51.179" endtime="20220510 22:31:51.183"/>
</kw>
<kw name="Close Browser" library="SeleniumLibrary" type="TEARDOWN">
<doc>Closes the current browser.</doc>
<status status="PASS" starttime="20220510 22:31:51.183" endtime="20220510 22:31:51.244"/>
</kw>
<status status="PASS" starttime="20220510 22:31:46.687" endtime="20220510 22:31:51.244"/>
</test>
<test id="s1-t5" name="TC05-Verify that user can add dupplicate task" line="49">
<kw name="Open Browser" library="SeleniumLibrary" type="SETUP">
<arg>https://abhigyank.github.io/To-Do-List/</arg>
<arg>chrome</arg>
<doc>Opens a new browser instance to the optional ``url``.</doc>
<msg timestamp="20220510 22:31:51.245" level="INFO">Opening browser 'chrome' to base url 'https://abhigyank.github.io/To-Do-List/'.</msg>
<status status="PASS" starttime="20220510 22:31:51.245" endtime="20220510 22:31:56.065"/>
</kw>
<kw name="Wait Until Element Is Visible" library="SeleniumLibrary">
<arg>xpath=//div[@class="container"]</arg>
<doc>Waits until the element ``locator`` is visible.</doc>
<status status="PASS" starttime="20220510 22:31:56.065" endtime="20220510 22:31:56.204"/>
</kw>
<kw name="Input Text" library="SeleniumLibrary">
<arg>xpath=//input[@id="new-task"]</arg>
<arg>Test</arg>
<doc>Types the given ``text`` into the text field identified by ``locator``.</doc>
<msg timestamp="20220510 22:31:56.205" level="INFO">Typing text 'Test' into text field 'xpath=//input[@id="new-task"]'.</msg>
<status status="PASS" starttime="20220510 22:31:56.205" endtime="20220510 22:31:56.442"/>
</kw>
<kw name="Click Element" library="SeleniumLibrary">
<arg>xpath=//i[@class="material-icons"]</arg>
<doc>Click the element identified by ``locator``.</doc>
<msg timestamp="20220510 22:31:56.443" level="INFO">Clicking element 'xpath=//i[@class="material-icons"]'.</msg>
<status status="PASS" starttime="20220510 22:31:56.442" endtime="20220510 22:31:56.513"/>
</kw>
<kw name="Input Text" library="SeleniumLibrary">
<arg>xpath=//input[@id="new-task"]</arg>
<arg>Test</arg>
<doc>Types the given ``text`` into the text field identified by ``locator``.</doc>
<msg timestamp="20220510 22:31:56.513" level="INFO">Typing text 'Test' into text field 'xpath=//input[@id="new-task"]'.</msg>
<status status="PASS" starttime="20220510 22:31:56.513" endtime="20220510 22:31:56.556"/>
</kw>
<kw name="Click Element" library="SeleniumLibrary">
<arg>xpath=//i[@class="material-icons"]</arg>
<doc>Click the element identified by ``locator``.</doc>
<msg timestamp="20220510 22:31:56.556" level="INFO">Clicking element 'xpath=//i[@class="material-icons"]'.</msg>
<status status="PASS" starttime="20220510 22:31:56.556" endtime="20220510 22:31:56.644"/>
</kw>
<kw name="Click Element" library="SeleniumLibrary">
<arg>xpath=//a[@href="#todo"]</arg>
<doc>Click the element identified by ``locator``.</doc>
<msg timestamp="20220510 22:31:56.644" level="INFO">Clicking element 'xpath=//a[@href="#todo"]'.</msg>
<status status="PASS" starttime="20220510 22:31:56.644" endtime="20220510 22:31:56.789"/>
</kw>
<kw name="Wait Until Element Is Visible" library="SeleniumLibrary">
<arg>xpath=//span[contains(text(), "Test") and @id="text-1"]</arg>
<doc>Waits until the element ``locator`` is visible.</doc>
<status status="PASS" starttime="20220510 22:31:56.789" endtime="20220510 22:31:56.825"/>
</kw>
<kw name="Wait Until Element Is Visible" library="SeleniumLibrary">
<arg>xpath=//span[contains(text(), "Test") and @id="text-2"]</arg>
<doc>Waits until the element ``locator`` is visible.</doc>
<status status="PASS" starttime="20220510 22:31:56.825" endtime="20220510 22:31:56.841"/>
</kw>
<kw name="Close Browser" library="SeleniumLibrary" type="TEARDOWN">
<doc>Closes the current browser.</doc>
<status status="PASS" starttime="20220510 22:31:56.842" endtime="20220510 22:31:56.903"/>
</kw>
<status status="PASS" starttime="20220510 22:31:51.245" endtime="20220510 22:31:56.903"/>
</test>
<test id="s1-t6" name="TC06-Verify that user can input the numberical value" line="59">
<kw name="Open Browser" library="SeleniumLibrary" type="SETUP">
<arg>https://abhigyank.github.io/To-Do-List/</arg>
<arg>chrome</arg>
<doc>Opens a new browser instance to the optional ``url``.</doc>
<msg timestamp="20220510 22:31:56.904" level="INFO">Opening browser 'chrome' to base url 'https://abhigyank.github.io/To-Do-List/'.</msg>
<status status="PASS" starttime="20220510 22:31:56.904" endtime="20220510 22:32:02.401"/>
</kw>
<kw name="Wait Until Element Is Visible" library="SeleniumLibrary">
<arg>xpath=//div[@class="container"]</arg>
<doc>Waits until the element ``locator`` is visible.</doc>
<status status="PASS" starttime="20220510 22:32:02.402" endtime="20220510 22:32:02.582"/>
</kw>
<kw name="Input Text" library="SeleniumLibrary">
<arg>xpath=//input[@id="new-task"]</arg>
<arg>01231233</arg>
<doc>Types the given ``text`` into the text field identified by ``locator``.</doc>
<msg timestamp="20220510 22:32:02.583" level="INFO">Typing text '01231233' into text field 'xpath=//input[@id="new-task"]'.</msg>
<status status="PASS" starttime="20220510 22:32:02.583" endtime="20220510 22:32:03.005"/>
</kw>
<kw name="Click Element" library="SeleniumLibrary">
<arg>xpath=//i[@class="material-icons"]</arg>
<doc>Click the element identified by ``locator``.</doc>
<msg timestamp="20220510 22:32:03.005" level="INFO">Clicking element 'xpath=//i[@class="material-icons"]'.</msg>
<status status="PASS" starttime="20220510 22:32:03.005" endtime="20220510 22:32:03.174"/>
</kw>
<kw name="Click Element" library="SeleniumLibrary">
<arg>xpath=//a[@href="#todo"]</arg>
<doc>Click the element identified by ``locator``.</doc>
<msg timestamp="20220510 22:32:03.175" level="INFO">Clicking element 'xpath=//a[@href="#todo"]'.</msg>
<status status="PASS" starttime="20220510 22:32:03.174" endtime="20220510 22:32:03.350"/>
</kw>
<kw name="Wait Until Element Is Visible" library="SeleniumLibrary">
<arg>xpath=//span[contains(text(), "01231233") and @id="text-1"]</arg>
<doc>Waits until the element ``locator`` is visible.</doc>
<status status="PASS" starttime="20220510 22:32:03.350" endtime="20220510 22:32:03.396"/>
</kw>
<kw name="Close Browser" library="SeleniumLibrary" type="TEARDOWN">
<doc>Closes the current browser.</doc>
<status status="PASS" starttime="20220510 22:32:03.396" endtime="20220510 22:32:03.459"/>
</kw>
<status status="PASS" starttime="20220510 22:31:56.903" endtime="20220510 22:32:03.459"/>
</test>
<test id="s1-t7" name="TC-07Verify that user can input the special character" line="66">
<kw name="Open Browser" library="SeleniumLibrary" type="SETUP">
<arg>https://abhigyank.github.io/To-Do-List/</arg>
<arg>chrome</arg>
<doc>Opens a new browser instance to the optional ``url``.</doc>
<msg timestamp="20220510 22:32:03.460" level="INFO">Opening browser 'chrome' to base url 'https://abhigyank.github.io/To-Do-List/'.</msg>
<status status="PASS" starttime="20220510 22:32:03.460" endtime="20220510 22:32:08.356"/>
</kw>
<kw name="Wait Until Element Is Visible" library="SeleniumLibrary">
<arg>xpath=//div[@class="container"]</arg>
<doc>Waits until the element ``locator`` is visible.</doc>
<status status="PASS" starttime="20220510 22:32:08.357" endtime="20220510 22:32:08.582"/>
</kw>
<kw name="Input Text" library="SeleniumLibrary">
<arg>xpath=//input[@id="new-task"]</arg>
<arg>=+[]\{}|;':,./&lt;&gt;?</arg>
<doc>Types the given ``text`` into the text field identified by ``locator``.</doc>
<msg timestamp="20220510 22:32:08.582" level="INFO">Typing text '=+[]{}|;':,./&lt;&gt;?' into text field 'xpath=//input[@id="new-task"]'.</msg>
<status status="PASS" starttime="20220510 22:32:08.582" endtime="20220510 22:32:08.906"/>
</kw>
<kw name="Click Element" library="SeleniumLibrary">
<arg>xpath=//i[@class="material-icons"]</arg>
<doc>Click the element identified by ``locator``.</doc>
<msg timestamp="20220510 22:32:08.906" level="INFO">Clicking element 'xpath=//i[@class="material-icons"]'.</msg>
<status status="PASS" starttime="20220510 22:32:08.906" endtime="20220510 22:32:09.035"/>
</kw>
<kw name="Click Element" library="SeleniumLibrary">
<arg>xpath=//a[@href="#todo"]</arg>
<doc>Click the element identified by ``locator``.</doc>
<msg timestamp="20220510 22:32:09.035" level="INFO">Clicking element 'xpath=//a[@href="#todo"]'.</msg>
<status status="PASS" starttime="20220510 22:32:09.035" endtime="20220510 22:32:09.187"/>
</kw>
<kw name="Wait Until Element Is Visible" library="SeleniumLibrary">
<arg>xpath=//span[contains(text(), "=+[]\{}|;':,./&lt;&gt;?") and @id="text-1"]</arg>
<doc>Waits until the element ``locator`` is visible.</doc>
<status status="PASS" starttime="20220510 22:32:09.188" endtime="20220510 22:32:09.226"/>
</kw>
<kw name="Close Browser" library="SeleniumLibrary" type="TEARDOWN">
<doc>Closes the current browser.</doc>
<status status="PASS" starttime="20220510 22:32:09.226" endtime="20220510 22:32:09.287"/>
</kw>
<status status="PASS" starttime="20220510 22:32:03.459" endtime="20220510 22:32:09.287"/>
</test>
<test id="s1-t8" name="TC-08Verify that &quot;TO-DO Tasks&quot; won't display the task when user click on add button without input any text" line="73">
<kw name="Open Browser" library="SeleniumLibrary" type="SETUP">
<arg>https://abhigyank.github.io/To-Do-List/</arg>
<arg>chrome</arg>
<doc>Opens a new browser instance to the optional ``url``.</doc>
<msg timestamp="20220510 22:32:09.288" level="INFO">Opening browser 'chrome' to base url 'https://abhigyank.github.io/To-Do-List/'.</msg>
<status status="PASS" starttime="20220510 22:32:09.288" endtime="20220510 22:32:13.208"/>
</kw>
<kw name="Wait Until Element Is Visible" library="SeleniumLibrary">
<arg>xpath=//div[@class="container"]</arg>
<doc>Waits until the element ``locator`` is visible.</doc>
<status status="PASS" starttime="20220510 22:32:13.208" endtime="20220510 22:32:13.372"/>
</kw>
<kw name="Click Element" library="SeleniumLibrary">
<arg>xpath=//i[@class="material-icons"]</arg>
<doc>Click the element identified by ``locator``.</doc>
<msg timestamp="20220510 22:32:13.372" level="INFO">Clicking element 'xpath=//i[@class="material-icons"]'.</msg>
<status status="PASS" starttime="20220510 22:32:13.372" endtime="20220510 22:32:13.468"/>
</kw>
<kw name="Click Element" library="SeleniumLibrary">
<arg>xpath=//a[@href="#todo"]</arg>
<doc>Click the element identified by ``locator``.</doc>
<msg timestamp="20220510 22:32:13.469" level="INFO">Clicking element 'xpath=//a[@href="#todo"]'.</msg>
<status status="PASS" starttime="20220510 22:32:13.468" endtime="20220510 22:32:13.588"/>
</kw>
<kw name="Element Should Not Be Visible" library="SeleniumLibrary">
<arg>xpath=//span[contains(text(), "") and @id="text-1"]</arg>
<doc>Verifies that the element identified by ``locator`` is NOT visible.</doc>
<msg timestamp="20220510 22:32:13.607" level="INFO">Element 'xpath=//span[contains(text(), "") and @id="text-1"]' did not exist.</msg>
<status status="PASS" starttime="20220510 22:32:13.588" endtime="20220510 22:32:13.607"/>
</kw>
<kw name="Close Browser" library="SeleniumLibrary" type="TEARDOWN">
<doc>Closes the current browser.</doc>
<status status="PASS" starttime="20220510 22:32:13.608" endtime="20220510 22:32:13.670"/>
</kw>
<status status="PASS" starttime="20220510 22:32:09.288" endtime="20220510 22:32:13.670"/>
</test>
<test id="s1-t9" name="TC-09Verify that &quot;TO-DO Tasks&quot; will display the space when user add the space in text field" line="79">
<kw name="Open Browser" library="SeleniumLibrary" type="SETUP">
<arg>https://abhigyank.github.io/To-Do-List/</arg>
<arg>chrome</arg>
<doc>Opens a new browser instance to the optional ``url``.</doc>
<msg timestamp="20220510 22:32:13.671" level="INFO">Opening browser 'chrome' to base url 'https://abhigyank.github.io/To-Do-List/'.</msg>
<status status="PASS" starttime="20220510 22:32:13.670" endtime="20220510 22:32:18.936"/>
</kw>
<kw name="Wait Until Element Is Visible" library="SeleniumLibrary">
<arg>xpath=//div[@class="container"]</arg>
<doc>Waits until the element ``locator`` is visible.</doc>
<status status="PASS" starttime="20220510 22:32:18.937" endtime="20220510 22:32:19.084"/>
</kw>
<kw name="Input Text" library="SeleniumLibrary">
<arg>xpath=//input[@id="new-task"]</arg>
<arg>${SPACE}</arg>
<doc>Types the given ``text`` into the text field identified by ``locator``.</doc>
<msg timestamp="20220510 22:32:19.084" level="INFO">Typing text ' ' into text field 'xpath=//input[@id="new-task"]'.</msg>
<status status="PASS" starttime="20220510 22:32:19.084" endtime="20220510 22:32:19.334"/>
</kw>
<kw name="Click Element" library="SeleniumLibrary">
<arg>xpath=//i[@class="material-icons"]</arg>
<doc>Click the element identified by ``locator``.</doc>
<msg timestamp="20220510 22:32:19.334" level="INFO">Clicking element 'xpath=//i[@class="material-icons"]'.</msg>
<status status="PASS" starttime="20220510 22:32:19.334" endtime="20220510 22:32:19.410"/>
</kw>
<kw name="Click Element" library="SeleniumLibrary">
<arg>xpath=//a[@href="#todo"]</arg>
<doc>Click the element identified by ``locator``.</doc>
<msg timestamp="20220510 22:32:19.410" level="INFO">Clicking element 'xpath=//a[@href="#todo"]'.</msg>
<status status="PASS" starttime="20220510 22:32:19.410" endtime="20220510 22:32:19.562"/>
</kw>
<kw name="Wait Until Element Is Visible" library="SeleniumLibrary">
<arg>xpath=//span[contains(text(), " ") and @id="text-1"]</arg>
<doc>Waits until the element ``locator`` is visible.</doc>
<status status="PASS" starttime="20220510 22:32:19.562" endtime="20220510 22:32:19.601"/>
</kw>
<kw name="Close Browser" library="SeleniumLibrary" type="TEARDOWN">
<doc>Closes the current browser.</doc>
<status status="PASS" starttime="20220510 22:32:19.601" endtime="20220510 22:32:19.662"/>
</kw>
<status status="PASS" starttime="20220510 22:32:13.670" endtime="20220510 22:32:19.662"/>
</test>
<status status="PASS" starttime="20220510 22:31:22.176" endtime="20220510 22:32:19.663"/>
</suite>
<statistics>
<total>
<stat pass="9" fail="0" skip="0">All Tests</stat>
</total>
<tag>
</tag>
<suite>
<stat pass="9" fail="0" skip="0" id="s1" name="Test">Test</stat>
</suite>
</statistics>
<errors>
</errors>
</robot>
