<?xml version="1.0" encoding="UTF-8"?>
<robot generator="Robot 5.0 (Python 3.10.4 on darwin)" generated="20220510 03:06:16.374" rpa="false" schemaversion="3">
<suite id="s1" name="Test" source="/Users/prpapakorn/Documents/GitHub/Test/Testcase/Test.robot">
<test id="s1-t1" name="TC-07Verify that user can input the special character" line="66">
<kw name="Open Browser" library="SeleniumLibrary" type="SETUP">
<arg>https://abhigyank.github.io/To-Do-List/</arg>
<arg>chrome</arg>
<doc>Opens a new browser instance to the optional ``url``.</doc>
<msg timestamp="20220510 03:06:16.460" level="INFO">Opening browser 'chrome' to base url 'https://abhigyank.github.io/To-Do-List/'.</msg>
<status status="PASS" starttime="20220510 03:06:16.460" endtime="20220510 03:06:27.340"/>
</kw>
<kw name="Wait Until Element Is Visible" library="SeleniumLibrary">
<arg>xpath=//div[@class="container"]</arg>
<doc>Waits until the element ``locator`` is visible.</doc>
<status status="PASS" starttime="20220510 03:06:27.343" endtime="20220510 03:06:27.842"/>
</kw>
<kw name="Input Text" library="SeleniumLibrary">
<arg>xpath=//input[@id="new-task"]</arg>
<arg>=+[]\{}|;':,./&lt;&gt;?</arg>
<doc>Types the given ``text`` into the text field identified by ``locator``.</doc>
<msg timestamp="20220510 03:06:27.847" level="INFO">Typing text '=+[]{}|;':,./&lt;&gt;?' into text field 'xpath=//input[@id="new-task"]'.</msg>
<status status="PASS" starttime="20220510 03:06:27.843" endtime="20220510 03:06:28.385"/>
</kw>
<kw name="Click Element" library="SeleniumLibrary">
<arg>xpath=//i[@class="material-icons"]</arg>
<doc>Click the element identified by ``locator``.</doc>
<msg timestamp="20220510 03:06:28.386" level="INFO">Clicking element 'xpath=//i[@class="material-icons"]'.</msg>
<status status="PASS" starttime="20220510 03:06:28.385" endtime="20220510 03:06:28.600"/>
</kw>
<kw name="Click Element" library="SeleniumLibrary">
<arg>xpath=//a[@href="#todo"]</arg>
<doc>Click the element identified by ``locator``.</doc>
<msg timestamp="20220510 03:06:28.600" level="INFO">Clicking element 'xpath=//a[@href="#todo"]'.</msg>
<status status="PASS" starttime="20220510 03:06:28.600" endtime="20220510 03:06:28.820"/>
</kw>
<kw name="Wait Until Element Is Visible" library="SeleniumLibrary">
<arg>xpath=//span[contains(text(), "=+[]\{}|;':,./&lt;&gt;?") and @id="text-1"]</arg>
<doc>Waits until the element ``locator`` is visible.</doc>
<status status="PASS" starttime="20220510 03:06:28.820" endtime="20220510 03:06:28.866"/>
</kw>
<kw name="Close Browser" library="SeleniumLibrary" type="TEARDOWN">
<doc>Closes the current browser.</doc>
<status status="PASS" starttime="20220510 03:06:28.866" endtime="20220510 03:06:29.945"/>
</kw>
<status status="PASS" starttime="20220510 03:06:16.459" endtime="20220510 03:06:29.946"/>
</test>
<test id="s1-t2" name="TC-08Verify that &quot;TO-DO Tasks&quot; won't display the task when user click on add button without input any text" line="73">
<kw name="Open Browser" library="SeleniumLibrary" type="SETUP">
<arg>https://abhigyank.github.io/To-Do-List/</arg>
<arg>chrome</arg>
<doc>Opens a new browser instance to the optional ``url``.</doc>
<msg timestamp="20220510 03:06:29.949" level="INFO">Opening browser 'chrome' to base url 'https://abhigyank.github.io/To-Do-List/'.</msg>
<status status="PASS" starttime="20220510 03:06:29.948" endtime="20220510 03:06:36.973"/>
</kw>
<kw name="Wait Until Element Is Visible" library="SeleniumLibrary">
<arg>xpath=//div[@class="container"]</arg>
<doc>Waits until the element ``locator`` is visible.</doc>
<status status="PASS" starttime="20220510 03:06:36.974" endtime="20220510 03:06:37.227"/>
</kw>
<kw name="Click Element" library="SeleniumLibrary">
<arg>xpath=//i[@class="material-icons"]</arg>
<doc>Click the element identified by ``locator``.</doc>
<msg timestamp="20220510 03:06:37.228" level="INFO">Clicking element 'xpath=//i[@class="material-icons"]'.</msg>
<status status="PASS" starttime="20220510 03:06:37.228" endtime="20220510 03:06:37.442"/>
</kw>
<kw name="Click Element" library="SeleniumLibrary">
<arg>xpath=//a[@href="#todo"]</arg>
<doc>Click the element identified by ``locator``.</doc>
<msg timestamp="20220510 03:06:37.442" level="INFO">Clicking element 'xpath=//a[@href="#todo"]'.</msg>
<status status="PASS" starttime="20220510 03:06:37.442" endtime="20220510 03:06:37.633"/>
</kw>
<kw name="Element Should Not Be Visible" library="SeleniumLibrary">
<arg>xpath=//span[contains(text(), "") and @id="text-1"]</arg>
<doc>Verifies that the element identified by ``locator`` is NOT visible.</doc>
<msg timestamp="20220510 03:06:37.702" level="INFO">Element 'xpath=//span[contains(text(), "") and @id="text-1"]' did not exist.</msg>
<status status="PASS" starttime="20220510 03:06:37.636" endtime="20220510 03:06:37.702"/>
</kw>
<kw name="Close Browser" library="SeleniumLibrary" type="TEARDOWN">
<doc>Closes the current browser.</doc>
<status status="PASS" starttime="20220510 03:06:37.702" endtime="20220510 03:06:37.848"/>
</kw>
<status status="PASS" starttime="20220510 03:06:29.947" endtime="20220510 03:06:37.848"/>
</test>
<test id="s1-t3" name="TC-09Verify that &quot;TO-DO Tasks&quot; will display the space when user add the space in text field" line="79">
<kw name="Open Browser" library="SeleniumLibrary" type="SETUP">
<arg>https://abhigyank.github.io/To-Do-List/</arg>
<arg>chrome</arg>
<doc>Opens a new browser instance to the optional ``url``.</doc>
<msg timestamp="20220510 03:06:37.851" level="INFO">Opening browser 'chrome' to base url 'https://abhigyank.github.io/To-Do-List/'.</msg>
<status status="PASS" starttime="20220510 03:06:37.849" endtime="20220510 03:06:42.835"/>
</kw>
<kw name="Wait Until Element Is Visible" library="SeleniumLibrary">
<arg>xpath=//div[@class="container"]</arg>
<doc>Waits until the element ``locator`` is visible.</doc>
<status status="PASS" starttime="20220510 03:06:42.835" endtime="20220510 03:06:42.980"/>
</kw>
<kw name="Input Text" library="SeleniumLibrary">
<arg>xpath=//input[@id="new-task"]</arg>
<arg>${SPACE}</arg>
<doc>Types the given ``text`` into the text field identified by ``locator``.</doc>
<msg timestamp="20220510 03:06:42.981" level="INFO">Typing text ' ' into text field 'xpath=//input[@id="new-task"]'.</msg>
<status status="PASS" starttime="20220510 03:06:42.981" endtime="20220510 03:06:43.293"/>
</kw>
<kw name="Click Element" library="SeleniumLibrary">
<arg>xpath=//i[@class="material-icons"]</arg>
<doc>Click the element identified by ``locator``.</doc>
<msg timestamp="20220510 03:06:43.293" level="INFO">Clicking element 'xpath=//i[@class="material-icons"]'.</msg>
<status status="PASS" starttime="20220510 03:06:43.293" endtime="20220510 03:06:43.376"/>
</kw>
<kw name="Click Element" library="SeleniumLibrary">
<arg>xpath=//a[@href="#todo"]</arg>
<doc>Click the element identified by ``locator``.</doc>
<msg timestamp="20220510 03:06:43.376" level="INFO">Clicking element 'xpath=//a[@href="#todo"]'.</msg>
<status status="PASS" starttime="20220510 03:06:43.376" endtime="20220510 03:06:43.527"/>
</kw>
<kw name="Wait Until Element Is Visible" library="SeleniumLibrary">
<arg>xpath=//span[contains(text(), " ") and @id="text-1"]</arg>
<doc>Waits until the element ``locator`` is visible.</doc>
<status status="PASS" starttime="20220510 03:06:43.527" endtime="20220510 03:06:43.570"/>
</kw>
<kw name="Close Browser" library="SeleniumLibrary" type="TEARDOWN">
<doc>Closes the current browser.</doc>
<status status="PASS" starttime="20220510 03:06:43.570" endtime="20220510 03:06:43.631"/>
</kw>
<status status="PASS" starttime="20220510 03:06:37.849" endtime="20220510 03:06:43.631"/>
</test>
<status status="PASS" starttime="20220510 03:06:16.375" endtime="20220510 03:06:43.632"/>
</suite>
<statistics>
<total>
<stat pass="3" fail="0" skip="0">All Tests</stat>
</total>
<tag>
</tag>
<suite>
<stat pass="3" fail="0" skip="0" id="s1" name="Test">Test</stat>
</suite>
</statistics>
<errors>
</errors>
</robot>
